# JRE version: Java(TM) SE Runtime Environment (16.0.2+7) (build 16.0.2+7-67)
# Java VM: Java HotSpot(TM) 64-Bit Server VM (16.0.2+7-67, mixed mode, sharing, tiered, compressed oops, compressed class ptrs, g1 gc, windows-amd64)
GC Precious Log:
 CPUs: 2 total, 2 available
 Memory: 3919M
 Large Page Support: Disabled
 NUMA Support: Disabled
 Compressed Oops: Enabled (32-bit)
 Heap Region Size: 1M
 Heap Min Capacity: 8M
 Heap Initial Capacity: 8M
 Heap Max Capacity: 980M
 Pre-touch: Disabled
 Parallel Workers: 2
 Concurrent Workers: 1
 Concurrent Refinement Workers: 2
 Periodic GC: Disabled
Heap:
 garbage-first heap   total 13312K, used 6563K [0x00000000c2c00000, 0x0000000100000000)
  region size 1024K, 1 young (1024K), 1 survivors (1024K)
 Metaspace       used 9122K, committed 9344K, reserved 1064960K
  class space    used 978K, committed 1088K, reserved 1048576K
GC Heap History (20 events):
Event: 0.773 GC heap after
{Heap after GC invocations=4 (full 0):
 garbage-first heap   total 8192K, used 2238K [0x00000000c2c00000, 0x0000000100000000)
  region size 1024K, 1 young (1024K), 1 survivors (1024K)
 Metaspace       used 7443K, committed 7552K, reserved 1064960K
  class space    used 855K, committed 896K, reserved 1048576K
}
Event: 0.907 GC heap before
{Heap before GC invocations=4 (full 0):
 garbage-first heap   total 8192K, used 3262K [0x00000000c2c00000, 0x0000000100000000)
  region size 1024K, 2 young (2048K), 1 survivors (1024K)
 Metaspace       used 7734K, committed 7872K, reserved 1064960K
  class space    used 865K, committed 960K, reserved 1048576K
}
Event: 0.909 GC heap after
{Heap after GC invocations=5 (full 0):
 garbage-first heap   total 10240K, used 2471K [0x00000000c2c00000, 0x0000000100000000)
  region size 1024K, 1 young (1024K), 1 survivors (1024K)
 Metaspace       used 7734K, committed 7872K, reserved 1064960K
  class space    used 865K, committed 960K, reserved 1048576K
}
Event: 1.719 GC heap before
{Heap before GC invocations=5 (full 0):
 garbage-first heap   total 10240K, used 3495K [0x00000000c2c00000, 0x0000000100000000)
  region size 1024K, 3 young (3072K), 1 survivors (1024K)
 Metaspace       used 7824K, committed 8000K, reserved 1064960K
  class space    used 865K, committed 960K, reserved 1048576K
}
Event: 1.722 GC heap after
{Heap after GC invocations=6 (full 0):
 garbage-first heap   total 10240K, used 3051K [0x00000000c2c00000, 0x0000000100000000)
  region size 1024K, 1 young (1024K), 1 survivors (1024K)
 Metaspace       used 7824K, committed 8000K, reserved 1064960K
  class space    used 865K, committed 960K, reserved 1048576K
}
Event: 1.878 GC heap before
{Heap before GC invocations=6 (full 0):
 garbage-first heap   total 10240K, used 5099K [0x00000000c2c00000, 0x0000000100000000)
  region size 1024K, 3 young (3072K), 1 survivors (1024K)
 Metaspace       used 8265K, committed 8512K, reserved 1064960K
  class space    used 909K, committed 1024K, reserved 1048576K
}
Event: 1.881 GC heap after
{Heap after GC invocations=7 (full 0):
 garbage-first heap   total 10240K, used 3673K [0x00000000c2c00000, 0x0000000100000000)
  region size 1024K, 1 young (1024K), 1 survivors (1024K)
 Metaspace       used 8265K, committed 8512K, reserved 1064960K
  class space    used 909K, committed 1024K, reserved 1048576K
}
Event: 1.955 GC heap before
{Heap before GC invocations=7 (full 0):
 garbage-first heap   total 10240K, used 5721K [0x00000000c2c00000, 0x0000000100000000)
  region size 1024K, 3 young (3072K), 1 survivors (1024K)
 Metaspace       used 8436K, committed 8640K, reserved 1064960K
  class space    used 929K, committed 1024K, reserved 1048576K
}
Event: 1.960 GC heap after
{Heap after GC invocations=8 (full 0):
 garbage-first heap   total 10240K, used 4126K [0x00000000c2c00000, 0x0000000100000000)
  region size 1024K, 1 young (1024K), 1 survivors (1024K)
 Metaspace       used 8436K, committed 8640K, reserved 1064960K
  class space    used 929K, committed 1024K, reserved 1048576K
}
Event: 1.997 GC heap before
{Heap before GC invocations=8 (full 0):
 garbage-first heap   total 10240K, used 5150K [0x00000000c2c00000, 0x0000000100000000)
  region size 1024K, 2 young (2048K), 1 survivors (1024K)
 Metaspace       used 8489K, committed 8704K, reserved 1064960K
  class space    used 929K, committed 1024K, reserved 1048576K
}
Event: 1.998 GC heap after
{Heap after GC invocations=9 (full 0):
 garbage-first heap   total 10240K, used 4159K [0x00000000c2c00000, 0x0000000100000000)
  region size 1024K, 1 young (1024K), 1 survivors (1024K)
 Metaspace       used 8489K, committed 8704K, reserved 1064960K
  class space    used 929K, committed 1024K, reserved 1048576K
}
Event: 2.078 GC heap before
{Heap before GC invocations=9 (full 0):
 garbage-first heap   total 10240K, used 6207K [0x00000000c2c00000, 0x0000000100000000)
  region size 1024K, 3 young (3072K), 1 survivors (1024K)
 Metaspace       used 8697K, committed 8896K, reserved 1064960K
  class space    used 952K, committed 1088K, reserved 1048576K
}
Event: 2.081 GC heap after
{Heap after GC invocations=10 (full 0):
 garbage-first heap   total 13312K, used 4545K [0x00000000c2c00000, 0x0000000100000000)
  region size 1024K, 1 young (1024K), 1 survivors (1024K)
 Metaspace       used 8697K, committed 8896K, reserved 1064960K
  class space    used 952K, committed 1088K, reserved 1048576K
}
Event: 2.130 GC heap before
{Heap before GC invocations=10 (full 0):
 garbage-first heap   total 13312K, used 7617K [0x00000000c2c00000, 0x0000000100000000)
  region size 1024K, 4 young (4096K), 1 survivors (1024K)
 Metaspace       used 8786K, committed 9024K, reserved 1064960K
  class space    used 965K, committed 1088K, reserved 1048576K
}
Event: 2.133 GC heap after
{Heap after GC invocations=11 (full 0):
 garbage-first heap   total 13312K, used 5131K [0x00000000c2c00000, 0x0000000100000000)
  region size 1024K, 1 young (1024K), 1 survivors (1024K)
 Metaspace       used 8786K, committed 9024K, reserved 1064960K
  class space    used 965K, committed 1088K, reserved 1048576K
}
Event: 2.141 GC heap before
{Heap before GC invocations=11 (full 0):
 garbage-first heap   total 13312K, used 7179K [0x00000000c2c00000, 0x0000000100000000)
  region size 1024K, 3 young (3072K), 1 survivors (1024K)
 Metaspace       used 8786K, committed 9024K, reserved 1064960K
  class space    used 965K, committed 1088K, reserved 1048576K
}
Event: 2.144 GC heap after
{Heap after GC invocations=12 (full 0):
 garbage-first heap   total 13312K, used 5403K [0x00000000c2c00000, 0x0000000100000000)
  region size 1024K, 1 young (1024K), 1 survivors (1024K)
 Metaspace       used 8786K, committed 9024K, reserved 1064960K
  class space    used 965K, committed 1088K, reserved 1048576K
}
Event: 2.260 GC heap before
{Heap before GC invocations=12 (full 0):
 garbage-first heap   total 13312K, used 8475K [0x00000000c2c00000, 0x0000000100000000)
  region size 1024K, 4 young (4096K), 1 survivors (1024K)
 Metaspace       used 8880K, committed 9088K, reserved 1064960K
  class space    used 971K, committed 1088K, reserved 1048576K
}
Event: 2.263 GC heap after
{Heap after GC invocations=13 (full 0):
 garbage-first heap   total 13312K, used 5872K [0x00000000c2c00000, 0x0000000100000000)
  region size 1024K, 1 young (1024K), 1 survivors (1024K)
 Metaspace       used 8880K, committed 9088K, reserved 1064960K
  class space    used 971K, committed 1088K, reserved 1048576K
}
Event: 2.433 GC heap before
{Heap before GC invocations=13 (full 0):
 garbage-first heap   total 13312K, used 8944K [0x00000000c2c00000, 0x0000000100000000)
  region size 1024K, 4 young (4096K), 1 survivors (1024K)
 Metaspace       used 9122K, committed 9344K, reserved 1064960K
  class space    used 978K, committed 1088K, reserved 1048576K
}

