# JRE version: Java(TM) SE Runtime Environment (16.0.2+7) (build 16.0.2+7-67)
# Java VM: Java HotSpot(TM) 64-Bit Server VM (16.0.2+7-67, mixed mode, sharing, tiered, compressed oops, compressed class ptrs, g1 gc, windows-amd64)
GC Precious Log:
 CPUs: 2 total, 2 available
 Memory: 3919M
 Large Page Support: Disabled
 NUMA Support: Disabled
 Compressed Oops: Enabled (32-bit)
 Heap Region Size: 1M
 Heap Min Capacity: 8M
 Heap Initial Capacity: 8M
 Heap Max Capacity: 980M
 Pre-touch: Disabled
 Parallel Workers: 2
 Concurrent Workers: 1
 Concurrent Refinement Workers: 2
 Periodic GC: Disabled
Heap:
 garbage-first heap   total 12288K, used 5413K [0x00000000c2c00000, 0x0000000100000000)
  region size 1024K, 1 young (1024K), 1 survivors (1024K)
 Metaspace       used 8779K, committed 8960K, reserved 1064960K
  class space    used 964K, committed 1088K, reserved 1048576K
GC Heap History (20 events):
Event: 0.641 GC heap after
{Heap after GC invocations=3 (full 0):
 garbage-first heap   total 8192K, used 1969K [0x00000000c2c00000, 0x0000000100000000)
  region size 1024K, 1 young (1024K), 1 survivors (1024K)
 Metaspace       used 5818K, committed 6016K, reserved 1064960K
  class space    used 684K, committed 768K, reserved 1048576K
}
Event: 0.787 GC heap before
{Heap before GC invocations=3 (full 0):
 garbage-first heap   total 8192K, used 2993K [0x00000000c2c00000, 0x0000000100000000)
  region size 1024K, 2 young (2048K), 1 survivors (1024K)
 Metaspace       used 7441K, committed 7552K, reserved 1064960K
  class space    used 854K, committed 896K, reserved 1048576K
}
Event: 0.789 GC heap after
{Heap after GC invocations=4 (full 0):
 garbage-first heap   total 8192K, used 2254K [0x00000000c2c00000, 0x0000000100000000)
  region size 1024K, 1 young (1024K), 1 survivors (1024K)
 Metaspace       used 7441K, committed 7552K, reserved 1064960K
  class space    used 854K, committed 896K, reserved 1048576K
}
Event: 0.926 GC heap before
{Heap before GC invocations=4 (full 0):
 garbage-first heap   total 8192K, used 3278K [0x00000000c2c00000, 0x0000000100000000)
  region size 1024K, 2 young (2048K), 1 survivors (1024K)
 Metaspace       used 7736K, committed 7872K, reserved 1064960K
  class space    used 864K, committed 960K, reserved 1048576K
}
Event: 0.928 GC heap after
{Heap after GC invocations=5 (full 0):
 garbage-first heap   total 10240K, used 2506K [0x00000000c2c00000, 0x0000000100000000)
  region size 1024K, 1 young (1024K), 1 survivors (1024K)
 Metaspace       used 7736K, committed 7872K, reserved 1064960K
  class space    used 864K, committed 960K, reserved 1048576K
}
Event: 1.061 GC heap before
{Heap before GC invocations=5 (full 0):
 garbage-first heap   total 10240K, used 3530K [0x00000000c2c00000, 0x0000000100000000)
  region size 1024K, 3 young (3072K), 1 survivors (1024K)
 Metaspace       used 7824K, committed 8000K, reserved 1064960K
  class space    used 864K, committed 960K, reserved 1048576K
}
Event: 1.063 GC heap after
{Heap after GC invocations=6 (full 0):
 garbage-first heap   total 10240K, used 3056K [0x00000000c2c00000, 0x0000000100000000)
  region size 1024K, 1 young (1024K), 1 survivors (1024K)
 Metaspace       used 7824K, committed 8000K, reserved 1064960K
  class space    used 864K, committed 960K, reserved 1048576K
}
Event: 1.225 GC heap before
{Heap before GC invocations=6 (full 0):
 garbage-first heap   total 10240K, used 5104K [0x00000000c2c00000, 0x0000000100000000)
  region size 1024K, 3 young (3072K), 1 survivors (1024K)
 Metaspace       used 8266K, committed 8512K, reserved 1064960K
  class space    used 908K, committed 1024K, reserved 1048576K
}
Event: 1.232 GC heap after
{Heap after GC invocations=7 (full 0):
 garbage-first heap   total 10240K, used 3681K [0x00000000c2c00000, 0x0000000100000000)
  region size 1024K, 1 young (1024K), 1 survivors (1024K)
 Metaspace       used 8266K, committed 8512K, reserved 1064960K
  class space    used 908K, committed 1024K, reserved 1048576K
}
Event: 1.363 GC heap before
{Heap before GC invocations=7 (full 0):
 garbage-first heap   total 10240K, used 5729K [0x00000000c2c00000, 0x0000000100000000)
  region size 1024K, 3 young (3072K), 1 survivors (1024K)
 Metaspace       used 8426K, committed 8640K, reserved 1064960K
  class space    used 928K, committed 1024K, reserved 1048576K
}
Event: 1.367 GC heap after
{Heap after GC invocations=8 (full 0):
 garbage-first heap   total 10240K, used 4113K [0x00000000c2c00000, 0x0000000100000000)
  region size 1024K, 1 young (1024K), 1 survivors (1024K)
 Metaspace       used 8426K, committed 8640K, reserved 1064960K
  class space    used 928K, committed 1024K, reserved 1048576K
}
Event: 1.396 GC heap before
{Heap before GC invocations=8 (full 0):
 garbage-first heap   total 10240K, used 5137K [0x00000000c2c00000, 0x0000000100000000)
  region size 1024K, 2 young (2048K), 1 survivors (1024K)
 Metaspace       used 8475K, committed 8640K, reserved 1064960K
  class space    used 929K, committed 1024K, reserved 1048576K
}
Event: 1.413 GC heap after
{Heap after GC invocations=9 (full 0):
 garbage-first heap   total 12288K, used 4144K [0x00000000c2c00000, 0x0000000100000000)
  region size 1024K, 1 young (1024K), 1 survivors (1024K)
 Metaspace       used 8475K, committed 8640K, reserved 1064960K
  class space    used 929K, committed 1024K, reserved 1048576K
}
Event: 1.593 GC heap before
{Heap before GC invocations=9 (full 0):
 garbage-first heap   total 12288K, used 6192K [0x00000000c2c00000, 0x0000000100000000)
  region size 1024K, 3 young (3072K), 1 survivors (1024K)
 Metaspace       used 8689K, committed 8896K, reserved 1064960K
  class space    used 952K, committed 1088K, reserved 1048576K
}
Event: 1.595 GC heap after
{Heap after GC invocations=10 (full 0):
 garbage-first heap   total 12288K, used 4585K [0x00000000c2c00000, 0x0000000100000000)
  region size 1024K, 1 young (1024K), 1 survivors (1024K)
 Metaspace       used 8689K, committed 8896K, reserved 1064960K
  class space    used 952K, committed 1088K, reserved 1048576K
}
Event: 1.636 GC heap before
{Heap before GC invocations=10 (full 0):
 garbage-first heap   total 12288K, used 6633K [0x00000000c2c00000, 0x0000000100000000)
  region size 1024K, 3 young (3072K), 1 survivors (1024K)
 Metaspace       used 8779K, committed 8960K, reserved 1064960K
  class space    used 964K, committed 1088K, reserved 1048576K
}
Event: 1.640 GC heap after
{Heap after GC invocations=11 (full 0):
 garbage-first heap   total 12288K, used 4825K [0x00000000c2c00000, 0x0000000100000000)
  region size 1024K, 1 young (1024K), 1 survivors (1024K)
 Metaspace       used 8779K, committed 8960K, reserved 1064960K
  class space    used 964K, committed 1088K, reserved 1048576K
}
Event: 1.649 GC heap before
{Heap before GC invocations=11 (full 0):
 garbage-first heap   total 12288K, used 6873K [0x00000000c2c00000, 0x0000000100000000)
  region size 1024K, 3 young (3072K), 1 survivors (1024K)
 Metaspace       used 8779K, committed 8960K, reserved 1064960K
  class space    used 964K, committed 1088K, reserved 1048576K
}
Event: 1.651 GC heap after
{Heap after GC invocations=12 (full 0):
 garbage-first heap   total 12288K, used 5240K [0x00000000c2c00000, 0x0000000100000000)
  region size 1024K, 1 young (1024K), 1 survivors (1024K)
 Metaspace       used 8779K, committed 8960K, reserved 1064960K
  class space    used 964K, committed 1088K, reserved 1048576K
}
Event: 1.661 GC heap before
{Heap before GC invocations=12 (full 0):
 garbage-first heap   total 12288K, used 7288K [0x00000000c2c00000, 0x0000000100000000)
  region size 1024K, 3 young (3072K), 1 survivors (1024K)
 Metaspace       used 8779K, committed 8960K, reserved 1064960K
  class space    used 964K, committed 1088K, reserved 1048576K
}

