# JRE version: Java(TM) SE Runtime Environment (16.0.2+7) (build 16.0.2+7-67)
# Java VM: Java HotSpot(TM) 64-Bit Server VM (16.0.2+7-67, mixed mode, sharing, tiered, compressed oops, compressed class ptrs, g1 gc, windows-amd64)
GC Precious Log:
 CPUs: 2 total, 2 available
 Memory: 3919M
 Large Page Support: Disabled
 NUMA Support: Disabled
 Compressed Oops: Enabled (32-bit)
 Heap Region Size: 1M
 Heap Min Capacity: 8M
 Heap Initial Capacity: 8M
 Heap Max Capacity: 980M
 Pre-touch: Disabled
 Parallel Workers: 2
 Concurrent Workers: 1
 Concurrent Refinement Workers: 2
 Periodic GC: Disabled
Heap:
 garbage-first heap   total 13312K, used 6249K [0x00000000c2c00000, 0x0000000100000000)
  region size 1024K, 1 young (1024K), 1 survivors (1024K)
 Metaspace       used 10132K, committed 10304K, reserved 1064960K
  class space    used 1131K, committed 1216K, reserved 1048576K
GC Heap History (20 events):
Event: 0.819 GC heap after
{Heap after GC invocations=4 (full 0):
 garbage-first heap   total 8192K, used 2239K [0x00000000c2c00000, 0x0000000100000000)
  region size 1024K, 1 young (1024K), 1 survivors (1024K)
 Metaspace       used 7499K, committed 7680K, reserved 1064960K
  class space    used 860K, committed 960K, reserved 1048576K
}
Event: 0.965 GC heap before
{Heap before GC invocations=4 (full 0):
 garbage-first heap   total 8192K, used 3263K [0x00000000c2c00000, 0x0000000100000000)
  region size 1024K, 2 young (2048K), 1 survivors (1024K)
 Metaspace       used 7778K, committed 7936K, reserved 1064960K
  class space    used 877K, committed 960K, reserved 1048576K
}
Event: 0.968 GC heap after
{Heap after GC invocations=5 (full 0):
 garbage-first heap   total 8192K, used 2484K [0x00000000c2c00000, 0x0000000100000000)
  region size 1024K, 1 young (1024K), 1 survivors (1024K)
 Metaspace       used 7778K, committed 7936K, reserved 1064960K
  class space    used 877K, committed 960K, reserved 1048576K
}
Event: 1.046 GC heap before
{Heap before GC invocations=5 (full 0):
 garbage-first heap   total 8192K, used 3508K [0x00000000c2c00000, 0x0000000100000000)
  region size 1024K, 2 young (2048K), 1 survivors (1024K)
 Metaspace       used 8052K, committed 8256K, reserved 1064960K
  class space    used 903K, committed 1024K, reserved 1048576K
}
Event: 1.048 GC heap after
{Heap after GC invocations=6 (full 0):
 garbage-first heap   total 10240K, used 2837K [0x00000000c2c00000, 0x0000000100000000)
  region size 1024K, 1 young (1024K), 1 survivors (1024K)
 Metaspace       used 8052K, committed 8256K, reserved 1064960K
  class space    used 903K, committed 1024K, reserved 1048576K
}
Event: 1.132 GC heap before
{Heap before GC invocations=6 (full 0):
 garbage-first heap   total 10240K, used 4885K [0x00000000c2c00000, 0x0000000100000000)
  region size 1024K, 3 young (3072K), 1 survivors (1024K)
 Metaspace       used 8249K, committed 8448K, reserved 1064960K
  class space    used 927K, committed 1024K, reserved 1048576K
}
Event: 1.136 GC heap after
{Heap after GC invocations=7 (full 0):
 garbage-first heap   total 10240K, used 3403K [0x00000000c2c00000, 0x0000000100000000)
  region size 1024K, 1 young (1024K), 1 survivors (1024K)
 Metaspace       used 8249K, committed 8448K, reserved 1064960K
  class space    used 927K, committed 1024K, reserved 1048576K
}
Event: 1.271 GC heap before
{Heap before GC invocations=7 (full 0):
 garbage-first heap   total 10240K, used 5451K [0x00000000c2c00000, 0x0000000100000000)
  region size 1024K, 3 young (3072K), 1 survivors (1024K)
 Metaspace       used 8392K, committed 8576K, reserved 1064960K
  class space    used 939K, committed 1024K, reserved 1048576K
}
Event: 1.274 GC heap after
{Heap after GC invocations=8 (full 0):
 garbage-first heap   total 10240K, used 3549K [0x00000000c2c00000, 0x0000000100000000)
  region size 1024K, 1 young (1024K), 1 survivors (1024K)
 Metaspace       used 8392K, committed 8576K, reserved 1064960K
  class space    used 939K, committed 1024K, reserved 1048576K
}
Event: 1.353 GC heap before
{Heap before GC invocations=8 (full 0):
 garbage-first heap   total 10240K, used 5597K [0x00000000c2c00000, 0x0000000100000000)
  region size 1024K, 3 young (3072K), 1 survivors (1024K)
 Metaspace       used 8590K, committed 8832K, reserved 1064960K
  class space    used 960K, committed 1088K, reserved 1048576K
}
Event: 1.356 GC heap after
{Heap after GC invocations=9 (full 0):
 garbage-first heap   total 10240K, used 3972K [0x00000000c2c00000, 0x0000000100000000)
  region size 1024K, 1 young (1024K), 1 survivors (1024K)
 Metaspace       used 8590K, committed 8832K, reserved 1064960K
  class space    used 960K, committed 1088K, reserved 1048576K
}
Event: 1.374 GC heap before
{Heap before GC invocations=9 (full 0):
 garbage-first heap   total 10240K, used 6020K [0x00000000c2c00000, 0x0000000100000000)
  region size 1024K, 3 young (3072K), 1 survivors (1024K)
 Metaspace       used 8639K, committed 8896K, reserved 1064960K
  class space    used 966K, committed 1088K, reserved 1048576K
}
Event: 1.378 GC heap after
{Heap after GC invocations=10 (full 0):
 garbage-first heap   total 13312K, used 4427K [0x00000000c2c00000, 0x0000000100000000)
  region size 1024K, 1 young (1024K), 1 survivors (1024K)
 Metaspace       used 8639K, committed 8896K, reserved 1064960K
  class space    used 966K, committed 1088K, reserved 1048576K
}
Event: 1.393 GC heap before
{Heap before GC invocations=10 (full 0):
 garbage-first heap   total 13312K, used 7499K [0x00000000c2c00000, 0x0000000100000000)
  region size 1024K, 4 young (4096K), 1 survivors (1024K)
 Metaspace       used 8639K, committed 8896K, reserved 1064960K
  class space    used 966K, committed 1088K, reserved 1048576K
}
Event: 1.400 GC heap after
{Heap after GC invocations=11 (full 0):
 garbage-first heap   total 13312K, used 4720K [0x00000000c2c00000, 0x0000000100000000)
  region size 1024K, 1 young (1024K), 1 survivors (1024K)
 Metaspace       used 8639K, committed 8896K, reserved 1064960K
  class space    used 966K, committed 1088K, reserved 1048576K
}
Event: 1.608 GC heap before
{Heap before GC invocations=11 (full 0):
 garbage-first heap   total 13312K, used 7792K [0x00000000c2c00000, 0x0000000100000000)
  region size 1024K, 4 young (4096K), 1 survivors (1024K)
 Metaspace       used 9480K, committed 9664K, reserved 1064960K
  class space    used 1068K, committed 1152K, reserved 1048576K
}
Event: 1.612 GC heap after
{Heap after GC invocations=12 (full 0):
 garbage-first heap   total 13312K, used 5389K [0x00000000c2c00000, 0x0000000100000000)
  region size 1024K, 1 young (1024K), 1 survivors (1024K)
 Metaspace       used 9480K, committed 9664K, reserved 1064960K
  class space    used 1068K, committed 1152K, reserved 1048576K
}
Event: 1.676 GC heap before
{Heap before GC invocations=12 (full 0):
 garbage-first heap   total 13312K, used 7437K [0x00000000c2c00000, 0x0000000100000000)
  region size 1024K, 3 young (3072K), 1 survivors (1024K)
 Metaspace       used 9687K, committed 9920K, reserved 1064960K
  class space    used 1096K, committed 1216K, reserved 1048576K
}
Event: 1.681 GC heap after
{Heap after GC invocations=13 (full 0):
 garbage-first heap   total 13312K, used 5855K [0x00000000c2c00000, 0x0000000100000000)
  region size 1024K, 1 young (1024K), 1 survivors (1024K)
 Metaspace       used 9687K, committed 9920K, reserved 1064960K
  class space    used 1096K, committed 1216K, reserved 1048576K
}
Event: 1.964 GC heap before
{Heap before GC invocations=13 (full 0):
 garbage-first heap   total 13312K, used 7903K [0x00000000c2c00000, 0x0000000100000000)
  region size 1024K, 3 young (3072K), 1 survivors (1024K)
 Metaspace       used 10132K, committed 10304K, reserved 1064960K
  class space    used 1131K, committed 1216K, reserved 1048576K
}

