# JRE version: Java(TM) SE Runtime Environment (16.0.2+7) (build 16.0.2+7-67)
# Java VM: Java HotSpot(TM) 64-Bit Server VM (16.0.2+7-67, mixed mode, sharing, tiered, compressed oops, compressed class ptrs, g1 gc, windows-amd64)
GC Precious Log:
 CPUs: 2 total, 2 available
 Memory: 3919M
 Large Page Support: Disabled
 NUMA Support: Disabled
 Compressed Oops: Enabled (32-bit)
 Heap Region Size: 1M
 Heap Min Capacity: 8M
 Heap Initial Capacity: 8M
 Heap Max Capacity: 980M
 Pre-touch: Disabled
 Parallel Workers: 2
 Concurrent Workers: 1
 Concurrent Refinement Workers: 2
 Periodic GC: Disabled
Heap:
 garbage-first heap   total 21504K, used 6816K [0x00000000c2c00000, 0x0000000100000000)
  region size 1024K, 2 young (2048K), 1 survivors (1024K)
 Metaspace       used 10302K, committed 10496K, reserved 1064960K
  class space    used 1124K, committed 1216K, reserved 1048576K
GC Heap History (20 events):
Event: 1.166 GC heap before
{Heap before GC invocations=5 (full 0):
 garbage-first heap   total 10240K, used 4541K [0x00000000c2c00000, 0x0000000100000000)
  region size 1024K, 3 young (3072K), 1 survivors (1024K)
 Metaspace       used 7824K, committed 8000K, reserved 1064960K
  class space    used 865K, committed 960K, reserved 1048576K
}
Event: 1.169 GC heap after
{Heap after GC invocations=6 (full 0):
 garbage-first heap   total 10240K, used 3025K [0x00000000c2c00000, 0x0000000100000000)
  region size 1024K, 1 young (1024K), 1 survivors (1024K)
 Metaspace       used 7824K, committed 8000K, reserved 1064960K
  class space    used 865K, committed 960K, reserved 1048576K
}
Event: 1.548 GC heap before
{Heap before GC invocations=6 (full 0):
 garbage-first heap   total 10240K, used 5073K [0x00000000c2c00000, 0x0000000100000000)
  region size 1024K, 3 young (3072K), 1 survivors (1024K)
 Metaspace       used 8277K, committed 8512K, reserved 1064960K
  class space    used 909K, committed 1024K, reserved 1048576K
}
Event: 1.551 GC heap after
{Heap after GC invocations=7 (full 0):
 garbage-first heap   total 10240K, used 3733K [0x00000000c2c00000, 0x0000000100000000)
  region size 1024K, 1 young (1024K), 1 survivors (1024K)
 Metaspace       used 8277K, committed 8512K, reserved 1064960K
  class space    used 909K, committed 1024K, reserved 1048576K
}
Event: 1.624 GC heap before
{Heap before GC invocations=7 (full 0):
 garbage-first heap   total 10240K, used 5781K [0x00000000c2c00000, 0x0000000100000000)
  region size 1024K, 3 young (3072K), 1 survivors (1024K)
 Metaspace       used 8441K, committed 8640K, reserved 1064960K
  class space    used 929K, committed 1024K, reserved 1048576K
}
Event: 1.627 GC heap after
{Heap after GC invocations=8 (full 0):
 garbage-first heap   total 10240K, used 4087K [0x00000000c2c00000, 0x0000000100000000)
  region size 1024K, 1 young (1024K), 1 survivors (1024K)
 Metaspace       used 8441K, committed 8640K, reserved 1064960K
  class space    used 929K, committed 1024K, reserved 1048576K
}
Event: 1.657 GC heap before
{Heap before GC invocations=8 (full 0):
 garbage-first heap   total 10240K, used 5111K [0x00000000c2c00000, 0x0000000100000000)
  region size 1024K, 2 young (2048K), 1 survivors (1024K)
 Metaspace       used 8488K, committed 8704K, reserved 1064960K
  class space    used 929K, committed 1024K, reserved 1048576K
}
Event: 1.658 GC heap after
{Heap after GC invocations=9 (full 0):
 garbage-first heap   total 10240K, used 4124K [0x00000000c2c00000, 0x0000000100000000)
  region size 1024K, 1 young (1024K), 1 survivors (1024K)
 Metaspace       used 8488K, committed 8704K, reserved 1064960K
  class space    used 929K, committed 1024K, reserved 1048576K
}
Event: 1.738 GC heap before
{Heap before GC invocations=9 (full 0):
 garbage-first heap   total 10240K, used 6172K [0x00000000c2c00000, 0x0000000100000000)
  region size 1024K, 3 young (3072K), 1 survivors (1024K)
 Metaspace       used 8698K, committed 8896K, reserved 1064960K
  class space    used 952K, committed 1088K, reserved 1048576K
}
Event: 1.741 GC heap after
{Heap after GC invocations=10 (full 0):
 garbage-first heap   total 10240K, used 4554K [0x00000000c2c00000, 0x0000000100000000)
  region size 1024K, 1 young (1024K), 1 survivors (1024K)
 Metaspace       used 8698K, committed 8896K, reserved 1064960K
  class space    used 952K, committed 1088K, reserved 1048576K
}
Event: 1.827 GC heap before
{Heap before GC invocations=10 (full 0):
 garbage-first heap   total 10240K, used 6602K [0x00000000c2c00000, 0x0000000100000000)
  region size 1024K, 3 young (3072K), 1 survivors (1024K)
 Metaspace       used 8788K, committed 9024K, reserved 1064960K
  class space    used 965K, committed 1088K, reserved 1048576K
}
Event: 1.830 GC heap after
{Heap after GC invocations=11 (full 0):
 garbage-first heap   total 13312K, used 4910K [0x00000000c2c00000, 0x0000000100000000)
  region size 1024K, 1 young (1024K), 1 survivors (1024K)
 Metaspace       used 8788K, committed 9024K, reserved 1064960K
  class space    used 965K, committed 1088K, reserved 1048576K
}
Event: 1.856 GC heap before
{Heap before GC invocations=11 (full 0):
 garbage-first heap   total 13312K, used 7982K [0x00000000c2c00000, 0x0000000100000000)
  region size 1024K, 4 young (4096K), 1 survivors (1024K)
 Metaspace       used 8788K, committed 9024K, reserved 1064960K
  class space    used 965K, committed 1088K, reserved 1048576K
}
Event: 1.860 GC heap after
{Heap after GC invocations=12 (full 0):
 garbage-first heap   total 13312K, used 5272K [0x00000000c2c00000, 0x0000000100000000)
  region size 1024K, 1 young (1024K), 1 survivors (1024K)
 Metaspace       used 8788K, committed 9024K, reserved 1064960K
  class space    used 965K, committed 1088K, reserved 1048576K
}
Event: 1.950 GC heap before
{Heap before GC invocations=12 (full 0):
 garbage-first heap   total 13312K, used 8344K [0x00000000c2c00000, 0x0000000100000000)
  region size 1024K, 4 young (4096K), 1 survivors (1024K)
 Metaspace       used 8879K, committed 9088K, reserved 1064960K
  class space    used 971K, committed 1088K, reserved 1048576K
}
Event: 1.953 GC heap after
{Heap after GC invocations=13 (full 0):
 garbage-first heap   total 13312K, used 5875K [0x00000000c2c00000, 0x0000000100000000)
  region size 1024K, 1 young (1024K), 1 survivors (1024K)
 Metaspace       used 8879K, committed 9088K, reserved 1064960K
  class space    used 971K, committed 1088K, reserved 1048576K
}
Event: 2.098 GC heap before
{Heap before GC invocations=13 (full 0):
 garbage-first heap   total 13312K, used 8947K [0x00000000c2c00000, 0x0000000100000000)
  region size 1024K, 4 young (4096K), 1 survivors (1024K)
 Metaspace       used 9120K, committed 9344K, reserved 1064960K
  class space    used 978K, committed 1088K, reserved 1048576K
}
Event: 2.102 GC heap after
{Heap after GC invocations=14 (full 0):
 garbage-first heap   total 13312K, used 6496K [0x00000000c2c00000, 0x0000000100000000)
  region size 1024K, 1 young (1024K), 1 survivors (1024K)
 Metaspace       used 9120K, committed 9344K, reserved 1064960K
  class space    used 978K, committed 1088K, reserved 1048576K
}
Event: 2.443 GC heap before
{Heap before GC invocations=14 (full 0):
 garbage-first heap   total 13312K, used 8544K [0x00000000c2c00000, 0x0000000100000000)
  region size 1024K, 3 young (3072K), 1 survivors (1024K)
 Metaspace       used 10178K, committed 10368K, reserved 1064960K
  class space    used 1123K, committed 1216K, reserved 1048576K
}
Event: 2.447 GC heap after
{Heap after GC invocations=15 (full 0):
 garbage-first heap   total 21504K, used 6816K [0x00000000c2c00000, 0x0000000100000000)
  region size 1024K, 1 young (1024K), 1 survivors (1024K)
 Metaspace       used 10178K, committed 10368K, reserved 1064960K
  class space    used 1123K, committed 1216K, reserved 1048576K
}

